{
  "uid" : "a815c787788e006a",
  "name" : "Assert google search results exists FAILED",
  "fullName" : "Assert google search results exists FAILED",
  "historyId" : "Assert google search results exists FAILED",
  "time" : {
    "start" : 1637713490057,
    "stop" : 1637713493002,
    "duration" : 2945
  },
  "status" : "failed",
  "statusMessage" : "Expected string \"https://www.google.com/\" to contain \"asdasd\".",
  "statusTrace" : "NUnit.Framework.AssertionException: Expected string \"https://www.google.com/\" to contain \"asdasd\".\n   at FluentAssertions.Execution.LateBoundTestFramework.Throw(String message)\n   at FluentAssertions.Execution.TestFrameworkProvider.Throw(String message)\n   at FluentAssertions.Execution.DefaultAssertionStrategy.HandleFailure(String message)\n   at FluentAssertions.Execution.AssertionScope.FailWith(Func`1 failReasonFunc)\n   at FluentAssertions.Execution.AssertionScope.FailWith(Func`1 failReasonFunc)\n   at FluentAssertions.Execution.AssertionScope.FailWith(String message, Object[] args)\n   at FluentAssertions.Primitives.StringAssertions`1.Contain(String expected, String because, Object[] becauseArgs)\n   at Automated.UI.Tests.Steps.Examples.Selenium.ExampleGoogleSearchResultsPageSteps.ThenUserChecksPresentsOnTheGoogleSearchResultsPage(String hrefResult) in /home/runner/work/Automated/Automated/Automated.UI.Tests/Steps/Examples/ExampleGoogleSearchResultsPageSteps.cs:line 21\n   at TechTalk.SpecFlow.Bindings.BindingInvoker.InvokeBinding(IBinding binding, IContextManager contextManager, Object[] arguments, ITestTracer testTracer, TimeSpan& duration)\n   at Allure.SpecFlowPlugin.AllureBindingInvoker.InvokeBinding(IBinding binding, IContextManager contextManager, Object[] arguments, ITestTracer testTracer, TimeSpan& duration)\n   at TechTalk.SpecFlow.Infrastructure.TestExecutionEngine.ExecuteStepMatch(BindingMatch match, Object[] arguments)\n   at TechTalk.SpecFlow.Infrastructure.TestExecutionEngine.ExecuteStep(IContextManager contextManager, StepInstance stepInstance)",
  "flaky" : false,
  "newFailed" : false,
  "beforeStages" : [ {
    "name" : "CreateLoggerInstance [0]",
    "time" : {
      "start" : 1637713489831,
      "stop" : 1637713489832,
      "duration" : 1
    },
    "status" : "passed",
    "steps" : [ ],
    "attachments" : [ ],
    "parameters" : [ ],
    "stepsCount" : 0,
    "attachmentsCount" : 0,
    "shouldDisplayMessage" : false,
    "hasContent" : false
  }, {
    "name" : "BeforeFeature [0]",
    "time" : {
      "start" : 1637713478199,
      "stop" : 1637713478200,
      "duration" : 1
    },
    "status" : "passed",
    "steps" : [ ],
    "attachments" : [ ],
    "parameters" : [ ],
    "stepsCount" : 0,
    "attachmentsCount" : 0,
    "shouldDisplayMessage" : false,
    "hasContent" : false
  } ],
  "testStage" : {
    "status" : "failed",
    "statusMessage" : "Expected string \"https://www.google.com/\" to contain \"asdasd\".",
    "statusTrace" : "NUnit.Framework.AssertionException: Expected string \"https://www.google.com/\" to contain \"asdasd\".\n   at FluentAssertions.Execution.LateBoundTestFramework.Throw(String message)\n   at FluentAssertions.Execution.TestFrameworkProvider.Throw(String message)\n   at FluentAssertions.Execution.DefaultAssertionStrategy.HandleFailure(String message)\n   at FluentAssertions.Execution.AssertionScope.FailWith(Func`1 failReasonFunc)\n   at FluentAssertions.Execution.AssertionScope.FailWith(Func`1 failReasonFunc)\n   at FluentAssertions.Execution.AssertionScope.FailWith(String message, Object[] args)\n   at FluentAssertions.Primitives.StringAssertions`1.Contain(String expected, String because, Object[] becauseArgs)\n   at Automated.UI.Tests.Steps.Examples.Selenium.ExampleGoogleSearchResultsPageSteps.ThenUserChecksPresentsOnTheGoogleSearchResultsPage(String hrefResult) in /home/runner/work/Automated/Automated/Automated.UI.Tests/Steps/Examples/ExampleGoogleSearchResultsPageSteps.cs:line 21\n   at TechTalk.SpecFlow.Bindings.BindingInvoker.InvokeBinding(IBinding binding, IContextManager contextManager, Object[] arguments, ITestTracer testTracer, TimeSpan& duration)\n   at Allure.SpecFlowPlugin.AllureBindingInvoker.InvokeBinding(IBinding binding, IContextManager contextManager, Object[] arguments, ITestTracer testTracer, TimeSpan& duration)\n   at TechTalk.SpecFlow.Infrastructure.TestExecutionEngine.ExecuteStepMatch(BindingMatch match, Object[] arguments)\n   at TechTalk.SpecFlow.Infrastructure.TestExecutionEngine.ExecuteStep(IContextManager contextManager, StepInstance stepInstance)",
    "steps" : [ {
      "name" : "Given  User navigates to Google Search Main page",
      "time" : {
        "start" : 1637713490057,
        "stop" : 1637713490532,
        "duration" : 475
      },
      "status" : "passed",
      "steps" : [ ],
      "attachments" : [ ],
      "parameters" : [ ],
      "stepsCount" : 0,
      "attachmentsCount" : 0,
      "shouldDisplayMessage" : false,
      "hasContent" : false
    }, {
      "name" : "When  User searchs 'google' on the Google Search Main page",
      "time" : {
        "start" : 1637713490532,
        "stop" : 1637713492730,
        "duration" : 2198
      },
      "status" : "passed",
      "steps" : [ ],
      "attachments" : [ ],
      "parameters" : [ ],
      "stepsCount" : 0,
      "attachmentsCount" : 0,
      "shouldDisplayMessage" : false,
      "hasContent" : false
    }, {
      "name" : "Then  User checks 'asdasd' presents on the Google Search Results page",
      "time" : {
        "start" : 1637713492731,
        "stop" : 1637713492911,
        "duration" : 180
      },
      "status" : "failed",
      "steps" : [ ],
      "attachments" : [ ],
      "parameters" : [ ],
      "stepsCount" : 0,
      "attachmentsCount" : 0,
      "shouldDisplayMessage" : false,
      "hasContent" : false
    } ],
    "attachments" : [ {
      "uid" : "13630a8d268a908a",
      "name" : "main browser screenshot.png",
      "source" : "13630a8d268a908a.png",
      "type" : "image/png",
      "size" : 98036
    } ],
    "parameters" : [ ],
    "stepsCount" : 3,
    "attachmentsCount" : 1,
    "shouldDisplayMessage" : true,
    "hasContent" : true
  },
  "afterStages" : [ {
    "name" : "AddLogsToAllure [0]",
    "time" : {
      "start" : 1637713493002,
      "stop" : 1637713493003,
      "duration" : 1
    },
    "status" : "passed",
    "steps" : [ ],
    "attachments" : [ {
      "uid" : "5eece0524e5f8427",
      "name" : "Copy Assert google search results exists FAILED_c54c98fa-033d-4e41-8b96-697067578339.log",
      "source" : "5eece0524e5f8427.log",
      "type" : "text/plain",
      "size" : 1088
    } ],
    "parameters" : [ ],
    "stepsCount" : 0,
    "attachmentsCount" : 1,
    "shouldDisplayMessage" : false,
    "hasContent" : true
  }, {
    "name" : "AfterFeature [0]",
    "time" : {
      "start" : 1637713498604,
      "stop" : 1637713498605,
      "duration" : 1
    },
    "status" : "passed",
    "steps" : [ ],
    "attachments" : [ ],
    "parameters" : [ ],
    "stepsCount" : 0,
    "attachmentsCount" : 0,
    "shouldDisplayMessage" : false,
    "hasContent" : false
  } ],
  "labels" : [ {
    "name" : "thread",
    "value" : "ParallelWorker#1"
  }, {
    "name" : "host",
    "value" : "fv-az178-918"
  }, {
    "name" : "feature",
    "value" : "ExampleSpecflowUiTests"
  }, {
    "name" : "tag",
    "value" : "uiTest"
  }, {
    "name" : "resultFormat",
    "value" : "allure2"
  } ],
  "parameters" : [ ],
  "links" : [ ],
  "hidden" : false,
  "retry" : false,
  "extra" : {
    "severity" : "normal",
    "retries" : [ ],
    "categories" : [ {
      "name" : "Product defects",
      "matchedStatuses" : [ ],
      "flaky" : false
    } ],
    "tags" : [ "uiTest" ]
  },
  "source" : "a815c787788e006a.json",
  "parameterValues" : [ ]
}