{
  "uid" : "55f604b43792763e",
  "name" : "Assert google search results exists FAILED",
  "fullName" : "Assert google search results exists FAILED",
  "historyId" : "Assert google search results exists FAILED",
  "time" : {
    "start" : 1636040753490,
    "stop" : 1636040755555,
    "duration" : 2065
  },
  "status" : "failed",
  "statusMessage" : "Expected GoogleSearchResultsPage.GoogleSearchResult(1).LinkResult.GetAttribute(\"href\") \"https://www.google.com/\" to contain \"asdasd\".",
  "statusTrace" : "NUnit.Framework.AssertionException: Expected GoogleSearchResultsPage.GoogleSearchResult(1).LinkResult.GetAttribute(\"href\") \"https://www.google.com/\" to contain \"asdasd\".\n   at FluentAssertions.Execution.LateBoundTestFramework.Throw(String message)\n   at FluentAssertions.Execution.TestFrameworkProvider.Throw(String message)\n   at FluentAssertions.Execution.DefaultAssertionStrategy.HandleFailure(String message)\n   at FluentAssertions.Execution.AssertionScope.FailWith(Func`1 failReasonFunc)\n   at FluentAssertions.Execution.AssertionScope.FailWith(Func`1 failReasonFunc)\n   at FluentAssertions.Execution.AssertionScope.FailWith(String message, Object[] args)\n   at FluentAssertions.Primitives.StringAssertions`1.Contain(String expected, String because, Object[] becauseArgs)\n   at Automated.Tests.Steps.Examples.Selenium.ExampleGoogleSearchResultsPageSteps.ThenUserChecksPresentsOnTheGoogleSearchResultsPage(String hrefResult) in /home/runner/work/Automated/Automated/Automated.Tests/Steps/Examples/Selenium/ExampleGoogleSearchResultsPageSteps.cs:line 22\n   at TechTalk.SpecFlow.Bindings.BindingInvoker.InvokeBinding(IBinding binding, IContextManager contextManager, Object[] arguments, ITestTracer testTracer, TimeSpan& duration)\n   at Allure.SpecFlowPlugin.AllureBindingInvoker.InvokeBinding(IBinding binding, IContextManager contextManager, Object[] arguments, ITestTracer testTracer, TimeSpan& duration)\n   at TechTalk.SpecFlow.Infrastructure.TestExecutionEngine.ExecuteStepMatch(BindingMatch match, Object[] arguments)\n   at TechTalk.SpecFlow.Infrastructure.TestExecutionEngine.ExecuteStep(IContextManager contextManager, StepInstance stepInstance)",
  "flaky" : false,
  "newFailed" : false,
  "beforeStages" : [ {
    "name" : "CreateLoggerInstance [0]",
    "time" : {
      "start" : 1636040753264,
      "stop" : 1636040753264,
      "duration" : 0
    },
    "status" : "passed",
    "steps" : [ ],
    "attachments" : [ ],
    "parameters" : [ ],
    "shouldDisplayMessage" : false,
    "hasContent" : false,
    "stepsCount" : 0,
    "attachmentsCount" : 0
  }, {
    "name" : "BeforeFeature [0]",
    "time" : {
      "start" : 1636040737940,
      "stop" : 1636040737940,
      "duration" : 0
    },
    "status" : "passed",
    "steps" : [ ],
    "attachments" : [ ],
    "parameters" : [ ],
    "shouldDisplayMessage" : false,
    "hasContent" : false,
    "stepsCount" : 0,
    "attachmentsCount" : 0
  } ],
  "testStage" : {
    "status" : "failed",
    "statusMessage" : "Expected GoogleSearchResultsPage.GoogleSearchResult(1).LinkResult.GetAttribute(\"href\") \"https://www.google.com/\" to contain \"asdasd\".",
    "statusTrace" : "NUnit.Framework.AssertionException: Expected GoogleSearchResultsPage.GoogleSearchResult(1).LinkResult.GetAttribute(\"href\") \"https://www.google.com/\" to contain \"asdasd\".\n   at FluentAssertions.Execution.LateBoundTestFramework.Throw(String message)\n   at FluentAssertions.Execution.TestFrameworkProvider.Throw(String message)\n   at FluentAssertions.Execution.DefaultAssertionStrategy.HandleFailure(String message)\n   at FluentAssertions.Execution.AssertionScope.FailWith(Func`1 failReasonFunc)\n   at FluentAssertions.Execution.AssertionScope.FailWith(Func`1 failReasonFunc)\n   at FluentAssertions.Execution.AssertionScope.FailWith(String message, Object[] args)\n   at FluentAssertions.Primitives.StringAssertions`1.Contain(String expected, String because, Object[] becauseArgs)\n   at Automated.Tests.Steps.Examples.Selenium.ExampleGoogleSearchResultsPageSteps.ThenUserChecksPresentsOnTheGoogleSearchResultsPage(String hrefResult) in /home/runner/work/Automated/Automated/Automated.Tests/Steps/Examples/Selenium/ExampleGoogleSearchResultsPageSteps.cs:line 22\n   at TechTalk.SpecFlow.Bindings.BindingInvoker.InvokeBinding(IBinding binding, IContextManager contextManager, Object[] arguments, ITestTracer testTracer, TimeSpan& duration)\n   at Allure.SpecFlowPlugin.AllureBindingInvoker.InvokeBinding(IBinding binding, IContextManager contextManager, Object[] arguments, ITestTracer testTracer, TimeSpan& duration)\n   at TechTalk.SpecFlow.Infrastructure.TestExecutionEngine.ExecuteStepMatch(BindingMatch match, Object[] arguments)\n   at TechTalk.SpecFlow.Infrastructure.TestExecutionEngine.ExecuteStep(IContextManager contextManager, StepInstance stepInstance)",
    "steps" : [ {
      "name" : "Given  User navigates to Google Search Main page",
      "time" : {
        "start" : 1636040753490,
        "stop" : 1636040753984,
        "duration" : 494
      },
      "status" : "passed",
      "steps" : [ ],
      "attachments" : [ ],
      "parameters" : [ ],
      "shouldDisplayMessage" : false,
      "hasContent" : false,
      "stepsCount" : 0,
      "attachmentsCount" : 0
    }, {
      "name" : "When  User searchs 'google' on the Google Search Main page",
      "time" : {
        "start" : 1636040753984,
        "stop" : 1636040755412,
        "duration" : 1428
      },
      "status" : "passed",
      "steps" : [ ],
      "attachments" : [ ],
      "parameters" : [ ],
      "shouldDisplayMessage" : false,
      "hasContent" : false,
      "stepsCount" : 0,
      "attachmentsCount" : 0
    }, {
      "name" : "Then  User checks 'asdasd' presents on the Google Search Results page",
      "time" : {
        "start" : 1636040755412,
        "stop" : 1636040755479,
        "duration" : 67
      },
      "status" : "failed",
      "steps" : [ ],
      "attachments" : [ ],
      "parameters" : [ ],
      "shouldDisplayMessage" : false,
      "hasContent" : false,
      "stepsCount" : 0,
      "attachmentsCount" : 0
    } ],
    "attachments" : [ {
      "uid" : "8682846a9dac6957",
      "name" : "main browser screenshot.png",
      "source" : "8682846a9dac6957.png",
      "type" : "image/png",
      "size" : 103301
    } ],
    "parameters" : [ ],
    "shouldDisplayMessage" : true,
    "hasContent" : true,
    "stepsCount" : 3,
    "attachmentsCount" : 1
  },
  "afterStages" : [ {
    "name" : "AddLogsToAllure [0]",
    "time" : {
      "start" : 1636040755555,
      "stop" : 1636040755556,
      "duration" : 1
    },
    "status" : "passed",
    "steps" : [ ],
    "attachments" : [ {
      "uid" : "74421056bf926a23",
      "name" : "Copy Assert google search results exists FAILED_e8b67d08-41ea-4e20-a832-bd0cc8014c10.log",
      "source" : "74421056bf926a23.log",
      "type" : "text/plain",
      "size" : 1088
    } ],
    "parameters" : [ ],
    "shouldDisplayMessage" : false,
    "hasContent" : true,
    "stepsCount" : 0,
    "attachmentsCount" : 1
  }, {
    "name" : "AfterFeature [0]",
    "time" : {
      "start" : 1636040760183,
      "stop" : 1636040760183,
      "duration" : 0
    },
    "status" : "passed",
    "steps" : [ ],
    "attachments" : [ ],
    "parameters" : [ ],
    "shouldDisplayMessage" : false,
    "hasContent" : false,
    "stepsCount" : 0,
    "attachmentsCount" : 0
  } ],
  "labels" : [ {
    "name" : "thread",
    "value" : "ParallelWorker#2"
  }, {
    "name" : "host",
    "value" : "fv-az246-304"
  }, {
    "name" : "feature",
    "value" : "ExampleSpecflowUiTests"
  }, {
    "name" : "tag",
    "value" : "uiTest"
  }, {
    "name" : "resultFormat",
    "value" : "allure2"
  } ],
  "parameters" : [ ],
  "links" : [ ],
  "hidden" : false,
  "retry" : false,
  "extra" : {
    "severity" : "normal",
    "retries" : [ ],
    "categories" : [ {
      "name" : "Product defects",
      "matchedStatuses" : [ ],
      "flaky" : false
    } ],
    "tags" : [ "uiTest" ]
  },
  "source" : "55f604b43792763e.json",
  "parameterValues" : [ ]
}