{
  "uid" : "8291806cf8786c1d",
  "name" : "Assert google search results exists FAILED",
  "fullName" : "Assert google search results exists FAILED",
  "historyId" : "Assert google search results exists FAILED",
  "time" : {
    "start" : 1638276656030,
    "stop" : 1638276658426,
    "duration" : 2396
  },
  "status" : "failed",
  "statusMessage" : "Expected string \"https://www.google.com/\" to contain \"asdasd\".",
  "statusTrace" : "NUnit.Framework.AssertionException: Expected string \"https://www.google.com/\" to contain \"asdasd\".\n   at FluentAssertions.Execution.LateBoundTestFramework.Throw(String message)\n   at FluentAssertions.Execution.TestFrameworkProvider.Throw(String message)\n   at FluentAssertions.Execution.DefaultAssertionStrategy.HandleFailure(String message)\n   at FluentAssertions.Execution.AssertionScope.FailWith(Func`1 failReasonFunc)\n   at FluentAssertions.Execution.AssertionScope.FailWith(Func`1 failReasonFunc)\n   at FluentAssertions.Execution.AssertionScope.FailWith(String message, Object[] args)\n   at FluentAssertions.Primitives.StringAssertions`1.Contain(String expected, String because, Object[] becauseArgs)\n   at Automated.UI.Tests.Steps.Examples.Selenium.ExampleGoogleSearchResultsPageSteps.ThenUserChecksPresentsOnTheGoogleSearchResultsPage(String hrefResult) in /home/runner/work/Automated/Automated/Automated.UI.Tests/Steps/Examples/ExampleGoogleSearchResultsPageSteps.cs:line 21\n   at TechTalk.SpecFlow.Bindings.BindingInvoker.InvokeBinding(IBinding binding, IContextManager contextManager, Object[] arguments, ITestTracer testTracer, TimeSpan& duration)\n   at Allure.SpecFlowPlugin.AllureBindingInvoker.InvokeBinding(IBinding binding, IContextManager contextManager, Object[] arguments, ITestTracer testTracer, TimeSpan& duration)\n   at TechTalk.SpecFlow.Infrastructure.TestExecutionEngine.ExecuteStepMatch(BindingMatch match, Object[] arguments)\n   at TechTalk.SpecFlow.Infrastructure.TestExecutionEngine.ExecuteStep(IContextManager contextManager, StepInstance stepInstance)",
  "flaky" : false,
  "newFailed" : false,
  "beforeStages" : [ {
    "name" : "CreateLoggerInstance [0]",
    "time" : {
      "start" : 1638276655729,
      "stop" : 1638276655729,
      "duration" : 0
    },
    "status" : "passed",
    "steps" : [ ],
    "attachments" : [ ],
    "parameters" : [ ],
    "shouldDisplayMessage" : false,
    "hasContent" : false,
    "stepsCount" : 0,
    "attachmentsCount" : 0
  }, {
    "name" : "BeforeFeature [0]",
    "time" : {
      "start" : 1638276645703,
      "stop" : 1638276645705,
      "duration" : 2
    },
    "status" : "passed",
    "steps" : [ ],
    "attachments" : [ ],
    "parameters" : [ ],
    "shouldDisplayMessage" : false,
    "hasContent" : false,
    "stepsCount" : 0,
    "attachmentsCount" : 0
  } ],
  "testStage" : {
    "status" : "failed",
    "statusMessage" : "Expected string \"https://www.google.com/\" to contain \"asdasd\".",
    "statusTrace" : "NUnit.Framework.AssertionException: Expected string \"https://www.google.com/\" to contain \"asdasd\".\n   at FluentAssertions.Execution.LateBoundTestFramework.Throw(String message)\n   at FluentAssertions.Execution.TestFrameworkProvider.Throw(String message)\n   at FluentAssertions.Execution.DefaultAssertionStrategy.HandleFailure(String message)\n   at FluentAssertions.Execution.AssertionScope.FailWith(Func`1 failReasonFunc)\n   at FluentAssertions.Execution.AssertionScope.FailWith(Func`1 failReasonFunc)\n   at FluentAssertions.Execution.AssertionScope.FailWith(String message, Object[] args)\n   at FluentAssertions.Primitives.StringAssertions`1.Contain(String expected, String because, Object[] becauseArgs)\n   at Automated.UI.Tests.Steps.Examples.Selenium.ExampleGoogleSearchResultsPageSteps.ThenUserChecksPresentsOnTheGoogleSearchResultsPage(String hrefResult) in /home/runner/work/Automated/Automated/Automated.UI.Tests/Steps/Examples/ExampleGoogleSearchResultsPageSteps.cs:line 21\n   at TechTalk.SpecFlow.Bindings.BindingInvoker.InvokeBinding(IBinding binding, IContextManager contextManager, Object[] arguments, ITestTracer testTracer, TimeSpan& duration)\n   at Allure.SpecFlowPlugin.AllureBindingInvoker.InvokeBinding(IBinding binding, IContextManager contextManager, Object[] arguments, ITestTracer testTracer, TimeSpan& duration)\n   at TechTalk.SpecFlow.Infrastructure.TestExecutionEngine.ExecuteStepMatch(BindingMatch match, Object[] arguments)\n   at TechTalk.SpecFlow.Infrastructure.TestExecutionEngine.ExecuteStep(IContextManager contextManager, StepInstance stepInstance)",
    "steps" : [ {
      "name" : "Given  User navigates to Google Search Main page",
      "time" : {
        "start" : 1638276656030,
        "stop" : 1638276656513,
        "duration" : 483
      },
      "status" : "passed",
      "steps" : [ ],
      "attachments" : [ ],
      "parameters" : [ ],
      "shouldDisplayMessage" : false,
      "hasContent" : false,
      "stepsCount" : 0,
      "attachmentsCount" : 0
    }, {
      "name" : "When  User searchs 'google' on the Google Search Main page",
      "time" : {
        "start" : 1638276656514,
        "stop" : 1638276658151,
        "duration" : 1637
      },
      "status" : "passed",
      "steps" : [ ],
      "attachments" : [ ],
      "parameters" : [ ],
      "shouldDisplayMessage" : false,
      "hasContent" : false,
      "stepsCount" : 0,
      "attachmentsCount" : 0
    }, {
      "name" : "Then  User checks 'asdasd' presents on the Google Search Results page",
      "time" : {
        "start" : 1638276658151,
        "stop" : 1638276658337,
        "duration" : 186
      },
      "status" : "failed",
      "steps" : [ ],
      "attachments" : [ ],
      "parameters" : [ ],
      "shouldDisplayMessage" : false,
      "hasContent" : false,
      "stepsCount" : 0,
      "attachmentsCount" : 0
    } ],
    "attachments" : [ {
      "uid" : "74a72435a8557dfc",
      "name" : "main browser screenshot.png",
      "source" : "74a72435a8557dfc.png",
      "type" : "image/png",
      "size" : 102029
    } ],
    "parameters" : [ ],
    "shouldDisplayMessage" : true,
    "hasContent" : true,
    "stepsCount" : 3,
    "attachmentsCount" : 1
  },
  "afterStages" : [ {
    "name" : "AddLogsToAllure [0]",
    "time" : {
      "start" : 1638276658426,
      "stop" : 1638276658427,
      "duration" : 1
    },
    "status" : "passed",
    "steps" : [ ],
    "attachments" : [ {
      "uid" : "bff80fb3d5f3bb66",
      "name" : "Copy Assert google search results exists FAILED_b5102665-4de6-47e6-876d-b618ab525796.log",
      "source" : "bff80fb3d5f3bb66.log",
      "type" : "text/plain",
      "size" : 1093
    } ],
    "parameters" : [ ],
    "shouldDisplayMessage" : false,
    "hasContent" : true,
    "stepsCount" : 0,
    "attachmentsCount" : 1
  }, {
    "name" : "AfterFeature [0]",
    "time" : {
      "start" : 1638276663645,
      "stop" : 1638276663646,
      "duration" : 1
    },
    "status" : "passed",
    "steps" : [ ],
    "attachments" : [ ],
    "parameters" : [ ],
    "shouldDisplayMessage" : false,
    "hasContent" : false,
    "stepsCount" : 0,
    "attachmentsCount" : 0
  } ],
  "labels" : [ {
    "name" : "thread",
    "value" : "ParallelWorker#2"
  }, {
    "name" : "host",
    "value" : "fv-az178-123"
  }, {
    "name" : "feature",
    "value" : "ExampleSpecflowUiTests"
  }, {
    "name" : "tag",
    "value" : "uiTest"
  }, {
    "name" : "resultFormat",
    "value" : "allure2"
  } ],
  "parameters" : [ ],
  "links" : [ ],
  "hidden" : false,
  "retry" : false,
  "extra" : {
    "severity" : "normal",
    "retries" : [ ],
    "categories" : [ {
      "name" : "Product defects",
      "matchedStatuses" : [ ],
      "flaky" : false
    } ],
    "history" : {
      "statistic" : {
        "failed" : 5,
        "broken" : 0,
        "skipped" : 0,
        "passed" : 0,
        "unknown" : 0,
        "total" : 5
      },
      "items" : [ {
        "uid" : "38529505ce14ad18",
        "reportUrl" : "https://pavliukStanislav.github.io/Automated/144//#testresult/38529505ce14ad18",
        "status" : "failed",
        "statusDetails" : "Expected string \"http://www.google.com/\" to contain \"asdasd\".",
        "time" : {
          "start" : 1638213897731,
          "stop" : 1638213900619,
          "duration" : 2888
        }
      }, {
        "uid" : "e925245f890e6af6",
        "reportUrl" : "https://pavliukStanislav.github.io/Automated/143//#testresult/e925245f890e6af6",
        "status" : "failed",
        "statusDetails" : "Expected string \"https://www.google.com/\" to contain \"asdasd\".",
        "time" : {
          "start" : 1638040596196,
          "stop" : 1638040598769,
          "duration" : 2573
        }
      }, {
        "uid" : "98ecadf4710cafc3",
        "reportUrl" : "https://pavliukStanislav.github.io/Automated/142//#testresult/98ecadf4710cafc3",
        "status" : "failed",
        "statusDetails" : "Expected string \"https://www.google.com/\" to contain \"asdasd\".",
        "time" : {
          "start" : 1637713751220,
          "stop" : 1637713754002,
          "duration" : 2782
        }
      }, {
        "uid" : "a815c787788e006a",
        "reportUrl" : "https://pavliukStanislav.github.io/Automated/141//#testresult/a815c787788e006a",
        "status" : "failed",
        "statusDetails" : "Expected string \"https://www.google.com/\" to contain \"asdasd\".",
        "time" : {
          "start" : 1637713490057,
          "stop" : 1637713493002,
          "duration" : 2945
        }
      } ]
    },
    "tags" : [ "uiTest" ]
  },
  "source" : "8291806cf8786c1d.json",
  "parameterValues" : [ ]
}